# JRE version: OpenJDK Runtime Environment (8.0_242-b01) (build 1.8.0_242-release-1644-b01)
# Java VM: OpenJDK 64-Bit Server VM (25.242-b01 mixed mode windows-amd64 compressed oops)
Heap:
 PSYoungGen      total 602624K, used 517870K [0x00000000d5580000, 0x0000000100000000, 0x0000000100000000)
  eden space 505344K, 97% used [0x00000000d5580000,0x00000000f36e0c30,0x00000000f4300000)
  from space 97280K, 25% used [0x00000000f9d80000,0x00000000fb5dadf8,0x00000000ffc80000)
  to   space 92672K, 0% used [0x00000000f4300000,0x00000000f4300000,0x00000000f9d80000)
 ParOldGen       total 226816K, used 202958K [0x0000000080000000, 0x000000008dd80000, 0x00000000d5580000)
  object space 226816K, 89% used [0x0000000080000000,0x000000008c633ae8,0x000000008dd80000)
 Metaspace       used 120430K, capacity 129614K, committed 141516K, reserved 1171456K
  class space    used 15278K, capacity 16771K, committed 19188K, reserved 1048576K
GC Heap History (10 events):
Event: 4973.595 GC heap before
{Heap before GC invocations=45 (full 5):
 PSYoungGen      total 584704K, used 508985K [0x00000000d5580000, 0x00000000ffa00000, 0x0000000100000000)
  eden space 478208K, 100% used [0x00000000d5580000,0x00000000f2880000,0x00000000f2880000)
  from space 106496K, 28% used [0x00000000f2880000,0x00000000f468e628,0x00000000f9080000)
  to   space 102912K, 0% used [0x00000000f9580000,0x00000000f9580000,0x00000000ffa00000)
 ParOldGen       total 226816K, used 169573K [0x0000000080000000, 0x000000008dd80000, 0x00000000d5580000)
  object space 226816K, 74% used [0x0000000080000000,0x000000008a599598,0x000000008dd80000)
 Metaspace       used 119081K, capacity 127896K, committed 141516K, reserved 1171456K
  class space    used 15145K, capacity 16574K, committed 19188K, reserved 1048576K
Event: 4973.684 GC heap after
Heap after GC invocations=45 (full 5):
 PSYoungGen      total 584704K, used 40925K [0x00000000d5580000, 0x00000000ff280000, 0x0000000100000000)
  eden space 489472K, 0% used [0x00000000d5580000,0x00000000d5580000,0x00000000f3380000)
  from space 95232K, 42% used [0x00000000f9580000,0x00000000fbd775c0,0x00000000ff280000)
  to   space 97792K, 0% used [0x00000000f3380000,0x00000000f3380000,0x00000000f9300000)
 ParOldGen       total 226816K, used 176363K [0x0000000080000000, 0x000000008dd80000, 0x00000000d5580000)
  object space 226816K, 77% used [0x0000000080000000,0x000000008ac3acf8,0x000000008dd80000)
 Metaspace       used 119081K, capacity 127896K, committed 141516K, reserved 1171456K
  class space    used 15145K, capacity 16574K, committed 19188K, reserved 1048576K
}
Event: 4976.309 GC heap before
{Heap before GC invocations=46 (full 5):
 PSYoungGen      total 584704K, used 530397K [0x00000000d5580000, 0x00000000ff280000, 0x0000000100000000)
  eden space 489472K, 100% used [0x00000000d5580000,0x00000000f3380000,0x00000000f3380000)
  from space 95232K, 42% used [0x00000000f9580000,0x00000000fbd775c0,0x00000000ff280000)
  to   space 97792K, 0% used [0x00000000f3380000,0x00000000f3380000,0x00000000f9300000)
 ParOldGen       total 226816K, used 176363K [0x0000000080000000, 0x000000008dd80000, 0x00000000d5580000)
  object space 226816K, 77% used [0x0000000080000000,0x000000008ac3acf8,0x000000008dd80000)
 Metaspace       used 119104K, capacity 127900K, committed 141516K, reserved 1171456K
  class space    used 15146K, capacity 16574K, committed 19188K, reserved 1048576K
Event: 4976.345 GC heap after
Heap after GC invocations=46 (full 5):
 PSYoungGen      total 587264K, used 3392K [0x00000000d5580000, 0x0000000100000000, 0x0000000100000000)
  eden space 489472K, 0% used [0x00000000d5580000,0x00000000d5580000,0x00000000f3380000)
  from space 97792K, 3% used [0x00000000f3380000,0x00000000f36d0000,0x00000000f9300000)
  to   space 99328K, 0% used [0x00000000f9f00000,0x00000000f9f00000,0x0000000100000000)
 ParOldGen       total 226816K, used 192950K [0x0000000080000000, 0x000000008dd80000, 0x00000000d5580000)
  object space 226816K, 85% used [0x0000000080000000,0x000000008bc6dbc8,0x000000008dd80000)
 Metaspace       used 119104K, capacity 127900K, committed 141516K, reserved 1171456K
  class space    used 15146K, capacity 16574K, committed 19188K, reserved 1048576K
}
Event: 8408.790 GC heap before
{Heap before GC invocations=47 (full 5):
 PSYoungGen      total 587264K, used 492864K [0x00000000d5580000, 0x0000000100000000, 0x0000000100000000)
  eden space 489472K, 100% used [0x00000000d5580000,0x00000000f3380000,0x00000000f3380000)
  from space 97792K, 3% used [0x00000000f3380000,0x00000000f36d0000,0x00000000f9300000)
  to   space 99328K, 0% used [0x00000000f9f00000,0x00000000f9f00000,0x0000000100000000)
 ParOldGen       total 226816K, used 192950K [0x0000000080000000, 0x000000008dd80000, 0x00000000d5580000)
  object space 226816K, 85% used [0x0000000080000000,0x000000008bc6dbc8,0x000000008dd80000)
 Metaspace       used 119505K, capacity 128380K, committed 141516K, reserved 1171456K
  class space    used 15192K, capacity 16621K, committed 19188K, reserved 1048576K
Event: 8409.971 GC heap after
Heap after GC invocations=47 (full 5):
 PSYoungGen      total 600064K, used 9075K [0x00000000d5580000, 0x0000000100000000, 0x0000000100000000)
  eden space 500736K, 0% used [0x00000000d5580000,0x00000000d5580000,0x00000000f3e80000)
  from space 99328K, 9% used [0x00000000f9f00000,0x00000000fa7dcdb0,0x0000000100000000)
  to   space 98816K, 0% used [0x00000000f3e80000,0x00000000f3e80000,0x00000000f9f00000)
 ParOldGen       total 226816K, used 194354K [0x0000000080000000, 0x000000008dd80000, 0x00000000d5580000)
  object space 226816K, 85% used [0x0000000080000000,0x000000008bdccb30,0x000000008dd80000)
 Metaspace       used 119505K, capacity 128380K, committed 141516K, reserved 1171456K
  class space    used 15192K, capacity 16621K, committed 19188K, reserved 1048576K
}
Event: 8422.009 GC heap before
{Heap before GC invocations=48 (full 5):
 PSYoungGen      total 600064K, used 509811K [0x00000000d5580000, 0x0000000100000000, 0x0000000100000000)
  eden space 500736K, 100% used [0x00000000d5580000,0x00000000f3e80000,0x00000000f3e80000)
  from space 99328K, 9% used [0x00000000f9f00000,0x00000000fa7dcdb0,0x0000000100000000)
  to   space 98816K, 0% used [0x00000000f3e80000,0x00000000f3e80000,0x00000000f9f00000)
 ParOldGen       total 226816K, used 194354K [0x0000000080000000, 0x000000008dd80000, 0x00000000d5580000)
  object space 226816K, 85% used [0x0000000080000000,0x000000008bdccb30,0x000000008dd80000)
 Metaspace       used 119701K, capacity 128574K, committed 141516K, reserved 1171456K
  class space    used 15214K, capacity 16659K, committed 19188K, reserved 1048576K
Event: 8422.350 GC heap after
Heap after GC invocations=48 (full 5):
 PSYoungGen      total 509440K, used 8576K [0x00000000d5580000, 0x00000000ffc80000, 0x0000000100000000)
  eden space 500736K, 0% used [0x00000000d5580000,0x00000000d5580000,0x00000000f3e80000)
  from space 8704K, 98% used [0x00000000f3e80000,0x00000000f46e0090,0x00000000f4700000)
  to   space 97280K, 0% used [0x00000000f9d80000,0x00000000f9d80000,0x00000000ffc80000)
 ParOldGen       total 226816K, used 197271K [0x0000000080000000, 0x000000008dd80000, 0x00000000d5580000)
  object space 226816K, 86% used [0x0000000080000000,0x000000008c0a5c00,0x000000008dd80000)
 Metaspace       used 119701K, capacity 128574K, committed 141516K, reserved 1171456K
  class space    used 15214K, capacity 16659K, committed 19188K, reserved 1048576K
}
Event: 8699.045 GC heap before
{Heap before GC invocations=49 (full 5):
 PSYoungGen      total 509440K, used 509312K [0x00000000d5580000, 0x00000000ffc80000, 0x0000000100000000)
  eden space 500736K, 100% used [0x00000000d5580000,0x00000000f3e80000,0x00000000f3e80000)
  from space 8704K, 98% used [0x00000000f3e80000,0x00000000f46e0090,0x00000000f4700000)
  to   space 97280K, 0% used [0x00000000f9d80000,0x00000000f9d80000,0x00000000ffc80000)
 ParOldGen       total 226816K, used 197271K [0x0000000080000000, 0x000000008dd80000, 0x00000000d5580000)
  object space 226816K, 86% used [0x0000000080000000,0x000000008c0a5c00,0x000000008dd80000)
 Metaspace       used 119977K, capacity 129034K, committed 141516K, reserved 1171456K
  class space    used 15227K, capacity 16681K, committed 19188K, reserved 1048576K
Event: 8699.904 GC heap after
Heap after GC invocations=49 (full 5):
 PSYoungGen      total 602624K, used 24939K [0x00000000d5580000, 0x0000000100000000, 0x0000000100000000)
  eden space 505344K, 0% used [0x00000000d5580000,0x00000000d5580000,0x00000000f4300000)
  from space 97280K, 25% used [0x00000000f9d80000,0x00000000fb5dadf8,0x00000000ffc80000)
  to   space 92672K, 0% used [0x00000000f4300000,0x00000000f4300000,0x00000000f9d80000)
 ParOldGen       total 226816K, used 202958K [0x0000000080000000, 0x000000008dd80000, 0x00000000d5580000)
  object space 226816K, 89% used [0x0000000080000000,0x000000008c633ae8,0x000000008dd80000)
 Metaspace       used 119977K, capacity 129034K, committed 141516K, reserved 1171456K
  class space    used 15227K, capacity 16681K, committed 19188K, reserved 1048576K
}

